2012-01-08 21:15:24 Notice: Notice (8): Undefined variable: cakeDebug in [/var/www/proyecto_cake/app/views/layouts/default.ctp, line 24]
2012-01-08 21:16:59 Notice: Notice (8): Undefined variable: cakeDebug in [/var/www/proyecto_cake/app/views/layouts/default.ctp, line 24]
2012-01-08 21:17:11 Notice: Notice (8): Undefined variable: cakeDebug in [/var/www/proyecto_cake/app/views/layouts/default.ctp, line 24]
2012-01-08 21:17:12 Notice: Notice (8): Undefined variable: cakeDebug in [/var/www/proyecto_cake/app/views/layouts/default.ctp, line 24]
2012-01-08 21:17:23 Notice: Notice (8): Undefined variable: cakeDebug in [/var/www/proyecto_cake/app/views/layouts/default.ctp, line 24]
2012-01-08 21:17:49 Notice: Notice (8): Undefined variable: cakeDebug in [/var/www/proyecto_cake/app/views/layouts/default.ctp, line 24]
2012-01-17 22:35:39 Notice: Notice (8): Undefined index: id in [/var/www/proyecto_cake/cake/libs/model/model.php, line 1329]
2012-01-17 22:37:04 Notice: Notice (8): Undefined index: id in [/var/www/proyecto_cake/cake/libs/model/model.php, line 1329]
2012-01-17 22:45:12 Notice: Notice (8): Undefined index: id in [/var/www/proyecto_cake/cake/libs/model/model.php, line 1329]
2012-01-18 05:23:26 Notice: Notice (8): Undefined variable: ajax in [/var/www/proyecto_cake/app/views/clientes/addi.ctp, line 27]
2012-01-22 15:12:59 Notice: Notice (8): Undefined variable: ajax in [/var/www/proyecto_cake/app/views/clientes/addi.ctp, line 27]
2012-04-08 18:20:52 Notice: Notice (8): Undefined variable: valDoc in [/var/www/proyecto_cake/app/controllers/clientes_controller.php, line 47]
2012-04-08 18:20:52 Notice: Notice (8): Undefined variable: valDoc in [/var/www/proyecto_cake/app/controllers/clientes_controller.php, line 52]
2012-04-08 19:02:45 Notice: Notice (8): Undefined offset: 0 in [/var/www/proyecto_cake/app/controllers/clientes_controller.php, line 56]
2012-04-08 19:02:56 Notice: Notice (8): Undefined offset: 0 in [/var/www/proyecto_cake/app/controllers/clientes_controller.php, line 56]
2012-04-08 19:02:59 Notice: Notice (8): Undefined offset: 0 in [/var/www/proyecto_cake/app/controllers/clientes_controller.php, line 56]
2012-04-08 19:03:55 Notice: Notice (8): Undefined offset: 0 in [/var/www/proyecto_cake/app/controllers/clientes_controller.php, line 56]
2012-04-08 19:03:59 Notice: Notice (8): Undefined offset: 0 in [/var/www/proyecto_cake/app/controllers/clientes_controller.php, line 56]
2012-04-08 19:27:57 Notice: Notice (8): Undefined variable: rst in [/var/www/proyecto_cake/app/controllers/clientes_controller.php, line 55]
2012-04-08 19:34:33 Notice: Notice (8): Undefined offset: 0 in [/var/www/proyecto_cake/app/controllers/clientes_controller.php, line 55]
2012-04-08 19:34:33 Notice: Notice (8): Undefined offset: 0 in [/var/www/proyecto_cake/app/controllers/clientes_controller.php, line 56]
2012-04-08 19:35:04 Notice: Notice (8): Undefined offset: 0 in [/var/www/proyecto_cake/app/controllers/clientes_controller.php, line 55]
2012-04-08 19:35:04 Notice: Notice (8): Undefined offset: 0 in [/var/www/proyecto_cake/app/controllers/clientes_controller.php, line 56]
2012-04-08 19:35:10 Notice: Notice (8): Undefined offset: 0 in [/var/www/proyecto_cake/app/controllers/clientes_controller.php, line 55]
2012-04-08 19:35:10 Notice: Notice (8): Undefined offset: 0 in [/var/www/proyecto_cake/app/controllers/clientes_controller.php, line 56]
2012-04-28 21:24:03 Notice: Notice (8): Undefined offset: 0 in [/var/www/proyecto_cake/app/controllers/clientes_controller.php, line 57]
2012-04-28 21:24:07 Notice: Notice (8): Undefined offset: 0 in [/var/www/proyecto_cake/app/controllers/clientes_controller.php, line 57]
2012-04-28 21:24:15 Notice: Notice (8): Undefined variable: valDoc in [/var/www/proyecto_cake/app/controllers/clientes_controller.php, line 53]
2012-04-28 21:24:15 Notice: Notice (8): Undefined offset: 0 in [/var/www/proyecto_cake/app/controllers/clientes_controller.php, line 57]
2012-04-28 21:25:03 Notice: Notice (8): Undefined offset: 0 in [/var/www/proyecto_cake/app/controllers/clientes_controller.php, line 57]
2012-05-12 23:12:25 Notice: Notice (8): Undefined variable: select in [/var/www/proyecto_cake/app/views/tipo_tratamientos/find_tratamiento.ctp, line 2]
2012-05-12 23:12:25 Notice: Notice (8): Undefined variable: select in [/var/www/proyecto_cake/app/views/tipo_tratamientos/find_tratamiento.ctp, line 5]
2012-05-12 23:16:19 Notice: Notice (8): Undefined variable: select in [/var/www/proyecto_cake/app/views/tipo_tratamientos/find_tratamiento.ctp, line 2]
2012-05-12 23:16:19 Notice: Notice (8): Undefined variable: select in [/var/www/proyecto_cake/app/views/tipo_tratamientos/find_tratamiento.ctp, line 5]
2012-05-12 23:17:26 Notice: Notice (8): Undefined variable: select in [/var/www/proyecto_cake/app/views/tipo_tratamientos/find_tratamiento.ctp, line 2]
2012-05-12 23:17:26 Notice: Notice (8): Undefined variable: select in [/var/www/proyecto_cake/app/views/tipo_tratamientos/find_tratamiento.ctp, line 5]
2012-05-13 07:45:24 Notice: Notice (8): Undefined offset: 0 in [/var/www/proyecto_cake/app/controllers/clientes_controller.php, line 76]
2012-05-13 07:49:07 Notice: Notice (8): Undefined offset: 0 in [/var/www/proyecto_cake/app/controllers/clientes_controller.php, line 76]
